<?xml version="1.0" encoding="UTF-8"?>
<!-- Generated by org.testng.reporters.JUnitXMLReporter -->
<testsuite ignored="0" hostname="PK14404190160" failures="0" tests="5" name="test1" time="93.743" errors="0" timestamp="19 Nov 2021 13:19:26 GMT">
  <testcase classname="org.testngn.TestNgn" name="@BeforeClass launchBro" time="93.724">
    <failure type="org.openqa.selenium.TimeoutException" message="No connection could be made because the target machine actively refused it. (os error 10061)
Build info: version: &amp;apos;3.141.59&amp;apos;, revision: &amp;apos;e82be7d358&amp;apos;, time: &amp;apos;2018-11-14T08:17:03&amp;apos;
System info: host: &amp;apos;PK14404190160&amp;apos;, ip: &amp;apos;192.168.43.58&amp;apos;, os.name: &amp;apos;Windows 10&amp;apos;, os.arch: &amp;apos;amd64&amp;apos;, os.version: &amp;apos;10.0&amp;apos;, java.version: &amp;apos;16.0.2&amp;apos;
Driver info: driver.version: FirefoxDriver
remote stacktrace: ">
      <![CDATA[org.openqa.selenium.TimeoutException: No connection could be made because the target machine actively refused it. (os error 10061)
Build info: version: '3.141.59', revision: 'e82be7d358', time: '2018-11-14T08:17:03'
System info: host: 'PK14404190160', ip: '192.168.43.58', os.name: 'Windows 10', os.arch: 'amd64', os.version: '10.0', java.version: '16.0.2'
Driver info: driver.version: FirefoxDriver
remote stacktrace: 
at org.openqa.selenium.remote.W3CHandshakeResponse.lambda$errorHandler$0(W3CHandshakeResponse.java:62)
at org.openqa.selenium.remote.HandshakeResponse.lambda$getResponseFunction$0(HandshakeResponse.java:30)
at org.openqa.selenium.remote.ProtocolHandshake.lambda$createSession$0(ProtocolHandshake.java:126)
at java.base/java.util.stream.ReferencePipeline$3$1.accept(ReferencePipeline.java:197)
at java.base/java.util.Spliterators$ArraySpliterator.tryAdvance(Spliterators.java:958)
at java.base/java.util.stream.ReferencePipeline.forEachWithCancel(ReferencePipeline.java:129)
at java.base/java.util.stream.AbstractPipeline.copyIntoWithCancel(AbstractPipeline.java:502)
at java.base/java.util.stream.AbstractPipeline.copyInto(AbstractPipeline.java:488)
at java.base/java.util.stream.AbstractPipeline.wrapAndCopyInto(AbstractPipeline.java:474)
at java.base/java.util.stream.FindOps$FindOp.evaluateSequential(FindOps.java:150)
at java.base/java.util.stream.AbstractPipeline.evaluate(AbstractPipeline.java:234)
at java.base/java.util.stream.ReferencePipeline.findFirst(ReferencePipeline.java:647)
at org.openqa.selenium.remote.ProtocolHandshake.createSession(ProtocolHandshake.java:128)
at org.openqa.selenium.remote.ProtocolHandshake.createSession(ProtocolHandshake.java:74)
at org.openqa.selenium.remote.HttpCommandExecutor.execute(HttpCommandExecutor.java:136)
at org.openqa.selenium.remote.service.DriverCommandExecutor.execute(DriverCommandExecutor.java:83)
at org.openqa.selenium.remote.RemoteWebDriver.execute(RemoteWebDriver.java:552)
at org.openqa.selenium.remote.RemoteWebDriver.startSession(RemoteWebDriver.java:213)
at org.openqa.selenium.remote.RemoteWebDriver.<init>(RemoteWebDriver.java:131)
at org.openqa.selenium.firefox.FirefoxDriver.<init>(FirefoxDriver.java:147)
at org.openqa.selenium.firefox.FirefoxDriver.<init>(FirefoxDriver.java:125)
at org.baseclass.Baseclass.Browserlauncher(Baseclass.java:48)
at java.base/java.util.concurrent.FutureTask.run(FutureTask.java:264)
at java.base/java.util.concurrent.ThreadPoolExecutor.runWorker(ThreadPoolExecutor.java:1130)
at java.base/java.util.concurrent.ThreadPoolExecutor$Worker.run(ThreadPoolExecutor.java:630)
at java.base/java.lang.Thread.run(Thread.java:831)
... Removed 23 stack frames]]>
    </failure>
  </testcase> <!-- @BeforeClass launchBro -->
  <testcase classname="org.testngn.TestNgn" name="@BeforeMethod startDate" time="0.0">
    <skipped/>
  </testcase> <!-- @BeforeMethod startDate -->
  <testcase classname="org.testngn.TestNgn" name="@AfterMethod afterDate" time="0.0">
    <skipped/>
  </testcase> <!-- @AfterMethod afterDate -->
  <testcase classname="org.testngn.TestNgn" name="@BeforeMethod startDate" time="0.0">
    <skipped/>
  </testcase> <!-- @BeforeMethod startDate -->
  <testcase classname="org.testngn.TestNgn" name="@AfterMethod afterDate" time="0.0">
    <skipped/>
  </testcase> <!-- @AfterMethod afterDate -->
  <testcase classname="org.testngn.TestNgn" name="@BeforeMethod startDate" time="0.0">
    <skipped/>
  </testcase> <!-- @BeforeMethod startDate -->
  <testcase classname="org.testngn.TestNgn" name="@AfterMethod afterDate" time="0.0">
    <skipped/>
  </testcase> <!-- @AfterMethod afterDate -->
  <testcase classname="org.testngn.TestNgn" name="@BeforeMethod startDate" time="0.0">
    <skipped/>
  </testcase> <!-- @BeforeMethod startDate -->
  <testcase classname="org.testngn.TestNgn" name="@AfterMethod afterDate" time="0.0">
    <skipped/>
  </testcase> <!-- @AfterMethod afterDate -->
  <testcase classname="org.testngn.TestNgn" name="@BeforeMethod startDate" time="0.0">
    <skipped/>
  </testcase> <!-- @BeforeMethod startDate -->
  <testcase classname="org.testngn.TestNgn" name="@AfterMethod afterDate" time="0.0">
    <skipped/>
  </testcase> <!-- @AfterMethod afterDate -->
  <testcase classname="org.testngn.TestNgn" name="a_loginPage" time="0.0">
    <skipped/>
  </testcase> <!-- a_loginPage -->
  <testcase classname="org.testngn.TestNgn" name="b_searchHotel" time="0.0">
    <skipped/>
  </testcase> <!-- b_searchHotel -->
  <testcase classname="org.testngn.TestNgn" name="c_selectHotel" time="0.0">
    <skipped/>
  </testcase> <!-- c_selectHotel -->
  <testcase classname="org.testngn.TestNgn" name="d_bookHotel" time="0.0">
    <skipped/>
  </testcase> <!-- d_bookHotel -->
  <testcase classname="org.testngn.TestNgn" name="e_orderNumber" time="0.0">
    <skipped/>
  </testcase> <!-- e_orderNumber -->
</testsuite> <!-- test1 -->
